<?xml version="1.0" encoding="UTF-8"?>
<!-- Generated by org.testng.reporters.JUnitReportReporter -->
<testsuite hostname="ShashankReddy" failures="0" tests="1" name="testCases.LoginTest" time="2.003" errors="0" timestamp="2023-08-28T17:27:06 IST" skipped="0">
  <testcase classname="testCases.LoginTest" name="testLogin" time="2.003"/>
</testsuite> <!-- testCases.LoginTest -->
